Determining if the pthread_create exist failed with the following output:
Change Dir: /home/xu/catkin_ws/build/CMakeFiles/CMakeTmp

Run Build Command:"/usr/bin/make" "cmTC_05dce/fast"
/usr/bin/make -f CMakeFiles/cmTC_05dce.dir/build.make CMakeFiles/cmTC_05dce.dir/build
make[1]: Entering directory '/home/xu/catkin_ws/build/CMakeFiles/CMakeTmp'
Building C object CMakeFiles/cmTC_05dce.dir/CheckSymbolExists.c.o
/usr/bin/cc     -o CMakeFiles/cmTC_05dce.dir/CheckSymbolExists.c.o   -c /home/xu/catkin_ws/build/CMakeFiles/CMakeTmp/CheckSymbolExists.c
Linking C executable cmTC_05dce
/usr/bin/cmake -E cmake_link_script CMakeFiles/cmTC_05dce.dir/link.txt --verbose=1
/usr/bin/cc       CMakeFiles/cmTC_05dce.dir/CheckSymbolExists.c.o  -o cmTC_05dce -rdynamic 
CMakeFiles/cmTC_05dce.dir/CheckSymbolExists.c.o: In function `main':
CheckSymbolExists.c:(.text+0xa): undefined reference to `pthread_create'
collect2: error: ld returned 1 exit status
CMakeFiles/cmTC_05dce.dir/build.make:97: recipe for target 'cmTC_05dce' failed
make[1]: *** [cmTC_05dce] Error 1
make[1]: Leaving directory '/home/xu/catkin_ws/build/CMakeFiles/CMakeTmp'
Makefile:126: recipe for target 'cmTC_05dce/fast' failed
make: *** [cmTC_05dce/fast] Error 2

File /home/xu/catkin_ws/build/CMakeFiles/CMakeTmp/CheckSymbolExists.c:
/* */
#include <pthread.h>

int main(int argc, char** argv)
{
  (void)argv;
#ifndef pthread_create
  return ((int*)(&pthread_create))[argc];
#else
  (void)argc;
  return 0;
#endif
}

Determining if the function pthread_create exists in the pthreads failed with the following output:
Change Dir: /home/xu/catkin_ws/build/CMakeFiles/CMakeTmp

Run Build Command:"/usr/bin/make" "cmTC_5a64b/fast"
/usr/bin/make -f CMakeFiles/cmTC_5a64b.dir/build.make CMakeFiles/cmTC_5a64b.dir/build
make[1]: Entering directory '/home/xu/catkin_ws/build/CMakeFiles/CMakeTmp'
Building C object CMakeFiles/cmTC_5a64b.dir/CheckFunctionExists.c.o
/usr/bin/cc    -DCHECK_FUNCTION_EXISTS=pthread_create   -o CMakeFiles/cmTC_5a64b.dir/CheckFunctionExists.c.o   -c /usr/share/cmake-3.5/Modules/CheckFunctionExists.c
Linking C executable cmTC_5a64b
/usr/bin/cmake -E cmake_link_script CMakeFiles/cmTC_5a64b.dir/link.txt --verbose=1
/usr/bin/cc   -DCHECK_FUNCTION_EXISTS=pthread_create    CMakeFiles/cmTC_5a64b.dir/CheckFunctionExists.c.o  -o cmTC_5a64b -rdynamic -lpthreads 
/usr/bin/ld: cannot find -lpthreads
collect2: error: ld returned 1 exit status
CMakeFiles/cmTC_5a64b.dir/build.make:97: recipe for target 'cmTC_5a64b' failed
make[1]: *** [cmTC_5a64b] Error 1
make[1]: Leaving directory '/home/xu/catkin_ws/build/CMakeFiles/CMakeTmp'
Makefile:126: recipe for target 'cmTC_5a64b/fast' failed
make: *** [cmTC_5a64b/fast] Error 2


